mode: set
github.com/onexstack/miniblog/internal/pkg/rid/rid.go:25.39,27.2 1 1
github.com/onexstack/miniblog/internal/pkg/rid/rid.go:30.50,39.2 2 1
github.com/onexstack/miniblog/internal/pkg/rid/salt.go:18.20,26.2 4 1
github.com/onexstack/miniblog/internal/pkg/rid/salt.go:29.29,32.39 3 1
github.com/onexstack/miniblog/internal/pkg/rid/salt.go:32.39,34.3 1 0
github.com/onexstack/miniblog/internal/pkg/rid/salt.go:36.2,36.39 1 1
github.com/onexstack/miniblog/internal/pkg/rid/salt.go:36.39,40.3 3 1
github.com/onexstack/miniblog/internal/pkg/rid/salt.go:40.8,42.57 1 0
github.com/onexstack/miniblog/internal/pkg/rid/salt.go:42.57,43.99 1 0
github.com/onexstack/miniblog/internal/pkg/rid/salt.go:46.2,46.11 1 1
github.com/onexstack/miniblog/internal/pkg/rid/salt.go:50.46,52.34 2 1
github.com/onexstack/miniblog/internal/pkg/rid/salt.go:52.34,54.3 1 0
github.com/onexstack/miniblog/internal/pkg/rid/salt.go:55.2,55.26 1 1
